[04-Mar-2018 03:03:29] NOTICE: fpm is running, pid 35
[04-Mar-2018 03:03:29] NOTICE: ready to handle connections
[04-Mar-2018 03:09:44] NOTICE: Terminating ...
[04-Mar-2018 03:09:44] NOTICE: exiting, bye-bye!
[04-Mar-2018 03:10:02] NOTICE: fpm is running, pid 30
[04-Mar-2018 03:10:02] NOTICE: ready to handle connections
[04-Mar-2018 03:20:15] NOTICE: Terminating ...
[04-Mar-2018 03:20:15] NOTICE: exiting, bye-bye!
[04-Mar-2018 03:23:56] NOTICE: fpm is running, pid 26
[04-Mar-2018 03:23:56] NOTICE: ready to handle connections
[04-Mar-2018 03:54:41] NOTICE: Terminating ...
[04-Mar-2018 03:54:41] NOTICE: exiting, bye-bye!
[06-Mar-2018 02:25:35] NOTICE: fpm is running, pid 28
[06-Mar-2018 02:25:35] NOTICE: ready to handle connections
[06-Mar-2018 02:36:52] NOTICE: Terminating ...
[06-Mar-2018 02:36:52] NOTICE: exiting, bye-bye!
[17-Mar-2018 13:12:17] NOTICE: fpm is running, pid 25
[17-Mar-2018 13:12:17] NOTICE: ready to handle connections
[19-Mar-2018 00:51:27] NOTICE: Terminating ...
[19-Mar-2018 00:51:27] NOTICE: exiting, bye-bye!
[26-Mar-2018 23:36:06] NOTICE: fpm is running, pid 29
[26-Mar-2018 23:36:06] NOTICE: ready to handle connections
[27-Mar-2018 02:42:14] NOTICE: Terminating ...
[27-Mar-2018 02:42:14] NOTICE: exiting, bye-bye!
[05-Apr-2018 02:20:55] NOTICE: fpm is running, pid 27
[05-Apr-2018 02:20:55] NOTICE: ready to handle connections
[05-Apr-2018 02:35:10] NOTICE: Terminating ...
[05-Apr-2018 02:35:10] NOTICE: exiting, bye-bye!
[10-Apr-2018 02:59:13] NOTICE: fpm is running, pid 27
[10-Apr-2018 02:59:13] NOTICE: ready to handle connections
[10-Apr-2018 03:21:54] NOTICE: Terminating ...
[10-Apr-2018 03:21:54] NOTICE: exiting, bye-bye!
[10-Apr-2018 21:23:10] NOTICE: fpm is running, pid 27
[10-Apr-2018 21:23:10] NOTICE: ready to handle connections
[10-Apr-2018 21:25:31] NOTICE: Terminating ...
[10-Apr-2018 21:25:31] NOTICE: exiting, bye-bye!
[10-Apr-2018 23:06:08] NOTICE: fpm is running, pid 28
[10-Apr-2018 23:06:08] NOTICE: ready to handle connections
[11-Apr-2018 01:46:49] NOTICE: Terminating ...
[11-Apr-2018 01:46:49] NOTICE: exiting, bye-bye!
[13-Apr-2018 00:18:38] NOTICE: fpm is running, pid 27
[13-Apr-2018 00:18:38] NOTICE: ready to handle connections
