2018-03-04 03:03:29 50 [Warning] Using unique option prefix myisam-recover instead of myisam-recover-options is deprecated and will be removed in a future release. Please use the full name instead.
2018-03-04 03:03:29 50 [Note] Plugin 'FEDERATED' is disabled.
2018-03-04 03:03:29 50 [Note] InnoDB: Using atomics to ref count buffer pool pages
2018-03-04 03:03:29 50 [Note] InnoDB: The InnoDB memory heap is disabled
2018-03-04 03:03:29 50 [Note] InnoDB: Mutexes and rw_locks use GCC atomic builtins
2018-03-04 03:03:29 50 [Note] InnoDB: Memory barrier is not used
2018-03-04 03:03:29 50 [Note] InnoDB: Compressed tables use zlib 1.2.3
2018-03-04 03:03:29 50 [Note] InnoDB: Using Linux native AIO
2018-03-04 03:03:29 50 [Note] InnoDB: Using CPU crc32 instructions
2018-03-04 03:03:29 50 [Note] InnoDB: Initializing buffer pool, size = 32.0M
2018-03-04 03:03:29 50 [Note] InnoDB: Completed initialization of buffer pool
2018-03-04 03:03:29 50 [Note] InnoDB: Highest supported file format is Barracuda.
2018-03-04 03:03:29 50 [Note] InnoDB: The log sequence numbers 1625987 and 1625987 in ibdata files do not match the log sequence number 1625997 in the ib_logfiles!
2018-03-04 03:03:29 50 [Note] InnoDB: Database was not shutdown normally!
2018-03-04 03:03:29 50 [Note] InnoDB: Starting crash recovery.
2018-03-04 03:03:29 50 [Note] InnoDB: Reading tablespace information from the .ibd files...
2018-03-04 03:03:29 50 [Note] InnoDB: Restoring possible half-written data pages 
2018-03-04 03:03:29 50 [Note] InnoDB: from the doublewrite buffer...
2018-03-04 03:03:29 50 [Note] InnoDB: 128 rollback segment(s) are active.
2018-03-04 03:03:29 50 [Note] InnoDB: Waiting for purge to start
2018-03-04 03:03:30 50 [Note] InnoDB: 5.6.37 started; log sequence number 1625997
2018-03-04 03:03:30 50 [Note] Server hostname (bind-address): '*'; port: 3306
2018-03-04 03:03:30 50 [Note] IPv6 is available.
2018-03-04 03:03:30 50 [Note]   - '::' resolves to '::';
2018-03-04 03:03:30 50 [Note] Server socket created on IP: '::'.
2018-03-04 03:03:30 50 [ERROR] /usr/sbin/mysqld: Table './mysql/user' is marked as crashed and should be repaired
2018-03-04 03:03:30 50 [Warning] Checking table:   './mysql/user'
2018-03-04 03:03:30 50 [ERROR] 1 client is using or hasn't closed the table properly
2018-03-04 03:03:30 50 [Warning] 'user' entry 'root@e24d0b5cccc1' ignored in --skip-name-resolve mode.
2018-03-04 03:03:30 50 [Warning] 'user' entry '@e24d0b5cccc1' ignored in --skip-name-resolve mode.
2018-03-04 03:03:30 50 [Warning] 'proxies_priv' entry '@ root@e24d0b5cccc1' ignored in --skip-name-resolve mode.
2018-03-04 03:03:30 50 [Note] Event Scheduler: Loaded 0 events
2018-03-04 03:03:30 50 [Note] /usr/sbin/mysqld: ready for connections.
Version: '5.6.37'  socket: '/var/run/mysqld/mysqld.sock'  port: 3306  MySQL Community Server (GPL)
2018-03-04 03:09:43 50 [Note] /usr/sbin/mysqld: Normal shutdown

2018-03-04 03:09:43 50 [Note] Giving 0 client threads a chance to die gracefully
2018-03-04 03:09:43 50 [Note] Event Scheduler: Purging the queue. 0 events
2018-03-04 03:09:43 50 [Note] Shutting down slave threads
2018-03-04 03:09:43 50 [Note] Forcefully disconnecting 0 remaining clients
2018-03-04 03:09:43 50 [Note] Binlog end
2018-03-04 03:09:43 50 [Note] Shutting down plugin 'partition'
2018-03-04 03:09:43 50 [Note] Shutting down plugin 'INNODB_SYS_DATAFILES'
2018-03-04 03:09:43 50 [Note] Shutting down plugin 'INNODB_SYS_TABLESPACES'
2018-03-04 03:09:43 50 [Note] Shutting down plugin 'INNODB_SYS_FOREIGN_COLS'
2018-03-04 03:09:43 50 [Note] Shutting down plugin 'INNODB_SYS_FOREIGN'
2018-03-04 03:09:43 50 [Note] Shutting down plugin 'INNODB_SYS_FIELDS'
2018-03-04 03:09:43 50 [Note] Shutting down plugin 'INNODB_SYS_COLUMNS'
2018-03-04 03:09:43 50 [Note] Shutting down plugin 'INNODB_SYS_INDEXES'
2018-03-04 03:09:43 50 [Note] Shutting down plugin 'INNODB_SYS_TABLESTATS'
2018-03-04 03:09:43 50 [Note] Shutting down plugin 'INNODB_SYS_TABLES'
2018-03-04 03:09:43 50 [Note] Shutting down plugin 'INNODB_FT_INDEX_TABLE'
2018-03-04 03:09:43 50 [Note] Shutting down plugin 'INNODB_FT_INDEX_CACHE'
2018-03-04 03:09:43 50 [Note] Shutting down plugin 'INNODB_FT_CONFIG'
2018-03-04 03:09:43 50 [Note] Shutting down plugin 'INNODB_FT_BEING_DELETED'
2018-03-04 03:09:43 50 [Note] Shutting down plugin 'INNODB_FT_DELETED'
2018-03-04 03:09:43 50 [Note] Shutting down plugin 'INNODB_FT_DEFAULT_STOPWORD'
2018-03-04 03:09:43 50 [Note] Shutting down plugin 'INNODB_METRICS'
2018-03-04 03:09:43 50 [Note] Shutting down plugin 'INNODB_BUFFER_POOL_STATS'
2018-03-04 03:09:43 50 [Note] Shutting down plugin 'INNODB_BUFFER_PAGE_LRU'
2018-03-04 03:09:43 50 [Note] Shutting down plugin 'INNODB_BUFFER_PAGE'
2018-03-04 03:09:43 50 [Note] Shutting down plugin 'INNODB_CMP_PER_INDEX_RESET'
2018-03-04 03:09:43 50 [Note] Shutting down plugin 'INNODB_CMP_PER_INDEX'
2018-03-04 03:09:43 50 [Note] Shutting down plugin 'INNODB_CMPMEM_RESET'
2018-03-04 03:09:43 50 [Note] Shutting down plugin 'INNODB_CMPMEM'
2018-03-04 03:09:43 50 [Note] Shutting down plugin 'INNODB_CMP_RESET'
2018-03-04 03:09:43 50 [Note] Shutting down plugin 'INNODB_CMP'
2018-03-04 03:09:43 50 [Note] Shutting down plugin 'INNODB_LOCK_WAITS'
2018-03-04 03:09:43 50 [Note] Shutting down plugin 'INNODB_LOCKS'
2018-03-04 03:09:43 50 [Note] Shutting down plugin 'INNODB_TRX'
2018-03-04 03:09:43 50 [Note] Shutting down plugin 'InnoDB'
2018-03-04 03:09:43 50 [Note] InnoDB: FTS optimize thread exiting.
2018-03-04 03:09:43 50 [Note] InnoDB: Starting shutdown...
2018-03-04 03:09:44 50 [Note] InnoDB: Shutdown completed; log sequence number 1885964
2018-03-04 03:09:44 50 [Note] Shutting down plugin 'BLACKHOLE'
2018-03-04 03:09:44 50 [Note] Shutting down plugin 'ARCHIVE'
2018-03-04 03:09:44 50 [Note] Shutting down plugin 'PERFORMANCE_SCHEMA'
2018-03-04 03:09:44 50 [Note] Shutting down plugin 'MEMORY'
2018-03-04 03:09:44 50 [Note] Shutting down plugin 'MyISAM'
2018-03-04 03:09:44 50 [Note] Shutting down plugin 'MRG_MYISAM'
2018-03-04 03:09:44 50 [Note] Shutting down plugin 'CSV'
2018-03-04 03:09:44 50 [Note] Shutting down plugin 'sha256_password'
2018-03-04 03:09:44 50 [Note] Shutting down plugin 'mysql_old_password'
2018-03-04 03:09:44 50 [Note] Shutting down plugin 'mysql_native_password'
2018-03-04 03:09:44 50 [Note] Shutting down plugin 'binlog'
2018-03-04 03:09:44 50 [Note] /usr/sbin/mysqld: Shutdown complete

2018-03-04 03:10:02 43 [Warning] Using unique option prefix myisam-recover instead of myisam-recover-options is deprecated and will be removed in a future release. Please use the full name instead.
2018-03-04 03:10:02 43 [Note] Plugin 'FEDERATED' is disabled.
2018-03-04 03:10:02 43 [Note] InnoDB: Using atomics to ref count buffer pool pages
2018-03-04 03:10:02 43 [Note] InnoDB: The InnoDB memory heap is disabled
2018-03-04 03:10:02 43 [Note] InnoDB: Mutexes and rw_locks use GCC atomic builtins
2018-03-04 03:10:02 43 [Note] InnoDB: Memory barrier is not used
2018-03-04 03:10:02 43 [Note] InnoDB: Compressed tables use zlib 1.2.3
2018-03-04 03:10:02 43 [Note] InnoDB: Using Linux native AIO
2018-03-04 03:10:02 43 [Note] InnoDB: Using CPU crc32 instructions
2018-03-04 03:10:02 43 [Note] InnoDB: Initializing buffer pool, size = 32.0M
2018-03-04 03:10:02 43 [Note] InnoDB: Completed initialization of buffer pool
2018-03-04 03:10:02 43 [Note] InnoDB: Highest supported file format is Barracuda.
2018-03-04 03:10:02 43 [Note] InnoDB: 128 rollback segment(s) are active.
2018-03-04 03:10:02 43 [Note] InnoDB: Waiting for purge to start
2018-03-04 03:10:03 43 [Note] InnoDB: 5.6.37 started; log sequence number 1885964
2018-03-04 03:10:03 43 [Note] Server hostname (bind-address): '*'; port: 3306
2018-03-04 03:10:03 43 [Note] IPv6 is available.
2018-03-04 03:10:03 43 [Note]   - '::' resolves to '::';
2018-03-04 03:10:03 43 [Note] Server socket created on IP: '::'.
2018-03-04 03:10:03 43 [Warning] 'user' entry 'root@e24d0b5cccc1' ignored in --skip-name-resolve mode.
2018-03-04 03:10:03 43 [Warning] 'user' entry '@e24d0b5cccc1' ignored in --skip-name-resolve mode.
2018-03-04 03:10:03 43 [Warning] 'proxies_priv' entry '@ root@e24d0b5cccc1' ignored in --skip-name-resolve mode.
2018-03-04 03:10:03 43 [Note] Event Scheduler: Loaded 0 events
2018-03-04 03:10:03 43 [Note] /usr/sbin/mysqld: ready for connections.
Version: '5.6.37'  socket: '/var/run/mysqld/mysqld.sock'  port: 3306  MySQL Community Server (GPL)
2018-03-04 03:20:14 43 [Note] /usr/sbin/mysqld: Normal shutdown

2018-03-04 03:20:14 43 [Note] Giving 0 client threads a chance to die gracefully
2018-03-04 03:20:14 43 [Note] Event Scheduler: Purging the queue. 0 events
2018-03-04 03:20:14 43 [Note] Shutting down slave threads
2018-03-04 03:20:14 43 [Note] Forcefully disconnecting 0 remaining clients
2018-03-04 03:20:14 43 [Note] Binlog end
2018-03-04 03:20:14 43 [Note] Shutting down plugin 'partition'
2018-03-04 03:20:14 43 [Note] Shutting down plugin 'INNODB_SYS_DATAFILES'
2018-03-04 03:20:14 43 [Note] Shutting down plugin 'INNODB_SYS_TABLESPACES'
2018-03-04 03:20:14 43 [Note] Shutting down plugin 'INNODB_SYS_FOREIGN_COLS'
2018-03-04 03:20:14 43 [Note] Shutting down plugin 'INNODB_SYS_FOREIGN'
2018-03-04 03:20:14 43 [Note] Shutting down plugin 'INNODB_SYS_FIELDS'
2018-03-04 03:20:14 43 [Note] Shutting down plugin 'INNODB_SYS_COLUMNS'
2018-03-04 03:20:14 43 [Note] Shutting down plugin 'INNODB_SYS_INDEXES'
2018-03-04 03:20:14 43 [Note] Shutting down plugin 'INNODB_SYS_TABLESTATS'
2018-03-04 03:20:14 43 [Note] Shutting down plugin 'INNODB_SYS_TABLES'
2018-03-04 03:20:14 43 [Note] Shutting down plugin 'INNODB_FT_INDEX_TABLE'
2018-03-04 03:20:14 43 [Note] Shutting down plugin 'INNODB_FT_INDEX_CACHE'
2018-03-04 03:20:14 43 [Note] Shutting down plugin 'INNODB_FT_CONFIG'
2018-03-04 03:20:14 43 [Note] Shutting down plugin 'INNODB_FT_BEING_DELETED'
2018-03-04 03:20:14 43 [Note] Shutting down plugin 'INNODB_FT_DELETED'
2018-03-04 03:20:14 43 [Note] Shutting down plugin 'INNODB_FT_DEFAULT_STOPWORD'
2018-03-04 03:20:14 43 [Note] Shutting down plugin 'INNODB_METRICS'
2018-03-04 03:20:14 43 [Note] Shutting down plugin 'INNODB_BUFFER_POOL_STATS'
2018-03-04 03:20:14 43 [Note] Shutting down plugin 'INNODB_BUFFER_PAGE_LRU'
2018-03-04 03:20:14 43 [Note] Shutting down plugin 'INNODB_BUFFER_PAGE'
2018-03-04 03:20:14 43 [Note] Shutting down plugin 'INNODB_CMP_PER_INDEX_RESET'
2018-03-04 03:20:14 43 [Note] Shutting down plugin 'INNODB_CMP_PER_INDEX'
2018-03-04 03:20:14 43 [Note] Shutting down plugin 'INNODB_CMPMEM_RESET'
2018-03-04 03:20:14 43 [Note] Shutting down plugin 'INNODB_CMPMEM'
2018-03-04 03:20:14 43 [Note] Shutting down plugin 'INNODB_CMP_RESET'
2018-03-04 03:20:14 43 [Note] Shutting down plugin 'INNODB_CMP'
2018-03-04 03:20:14 43 [Note] Shutting down plugin 'INNODB_LOCK_WAITS'
2018-03-04 03:20:14 43 [Note] Shutting down plugin 'INNODB_LOCKS'
2018-03-04 03:20:14 43 [Note] Shutting down plugin 'INNODB_TRX'
2018-03-04 03:20:14 43 [Note] Shutting down plugin 'InnoDB'
2018-03-04 03:20:14 43 [Note] InnoDB: FTS optimize thread exiting.
2018-03-04 03:20:14 43 [Note] InnoDB: Starting shutdown...
2018-03-04 03:20:15 43 [Note] InnoDB: Shutdown completed; log sequence number 1885974
2018-03-04 03:20:15 43 [Note] Shutting down plugin 'BLACKHOLE'
2018-03-04 03:20:15 43 [Note] Shutting down plugin 'ARCHIVE'
2018-03-04 03:20:15 43 [Note] Shutting down plugin 'PERFORMANCE_SCHEMA'
2018-03-04 03:20:15 43 [Note] Shutting down plugin 'MEMORY'
2018-03-04 03:20:15 43 [Note] Shutting down plugin 'MyISAM'
2018-03-04 03:20:15 43 [Note] Shutting down plugin 'MRG_MYISAM'
2018-03-04 03:20:15 43 [Note] Shutting down plugin 'CSV'
2018-03-04 03:20:15 43 [Note] Shutting down plugin 'sha256_password'
2018-03-04 03:20:15 43 [Note] Shutting down plugin 'mysql_old_password'
2018-03-04 03:20:15 43 [Note] Shutting down plugin 'mysql_native_password'
2018-03-04 03:20:15 43 [Note] Shutting down plugin 'binlog'
2018-03-04 03:20:15 43 [Note] /usr/sbin/mysqld: Shutdown complete

2018-03-04 03:23:56 39 [Warning] Using unique option prefix myisam-recover instead of myisam-recover-options is deprecated and will be removed in a future release. Please use the full name instead.
2018-03-04 03:23:56 39 [Note] Plugin 'FEDERATED' is disabled.
2018-03-04 03:23:56 39 [Note] InnoDB: Using atomics to ref count buffer pool pages
2018-03-04 03:23:56 39 [Note] InnoDB: The InnoDB memory heap is disabled
2018-03-04 03:23:56 39 [Note] InnoDB: Mutexes and rw_locks use GCC atomic builtins
2018-03-04 03:23:56 39 [Note] InnoDB: Memory barrier is not used
2018-03-04 03:23:56 39 [Note] InnoDB: Compressed tables use zlib 1.2.3
2018-03-04 03:23:56 39 [Note] InnoDB: Using Linux native AIO
2018-03-04 03:23:56 39 [Note] InnoDB: Using CPU crc32 instructions
2018-03-04 03:23:56 39 [Note] InnoDB: Initializing buffer pool, size = 32.0M
2018-03-04 03:23:56 39 [Note] InnoDB: Completed initialization of buffer pool
2018-03-04 03:23:56 39 [Note] InnoDB: Highest supported file format is Barracuda.
2018-03-04 03:23:56 39 [Note] InnoDB: 128 rollback segment(s) are active.
2018-03-04 03:23:56 39 [Note] InnoDB: Waiting for purge to start
2018-03-04 03:23:56 39 [Note] InnoDB: 5.6.37 started; log sequence number 1885974
2018-03-04 03:23:56 39 [Note] Server hostname (bind-address): '*'; port: 3306
2018-03-04 03:23:56 39 [Note] IPv6 is available.
2018-03-04 03:23:56 39 [Note]   - '::' resolves to '::';
2018-03-04 03:23:56 39 [Note] Server socket created on IP: '::'.
2018-03-04 03:23:56 39 [Warning] 'user' entry 'root@e24d0b5cccc1' ignored in --skip-name-resolve mode.
2018-03-04 03:23:56 39 [Warning] 'user' entry '@e24d0b5cccc1' ignored in --skip-name-resolve mode.
2018-03-04 03:23:56 39 [Warning] 'proxies_priv' entry '@ root@e24d0b5cccc1' ignored in --skip-name-resolve mode.
2018-03-04 03:23:56 39 [Note] Event Scheduler: Loaded 0 events
2018-03-04 03:23:56 39 [Note] /usr/sbin/mysqld: ready for connections.
Version: '5.6.37'  socket: '/var/run/mysqld/mysqld.sock'  port: 3306  MySQL Community Server (GPL)
2018-03-04 03:54:40 39 [Note] /usr/sbin/mysqld: Normal shutdown

2018-03-04 03:54:40 39 [Note] Giving 0 client threads a chance to die gracefully
2018-03-04 03:54:40 39 [Note] Event Scheduler: Purging the queue. 0 events
2018-03-04 03:54:40 39 [Note] Shutting down slave threads
2018-03-04 03:54:40 39 [Note] Forcefully disconnecting 0 remaining clients
2018-03-04 03:54:40 39 [Note] Binlog end
2018-03-04 03:54:40 39 [Note] Shutting down plugin 'partition'
2018-03-04 03:54:40 39 [Note] Shutting down plugin 'INNODB_SYS_DATAFILES'
2018-03-04 03:54:40 39 [Note] Shutting down plugin 'INNODB_SYS_TABLESPACES'
2018-03-04 03:54:40 39 [Note] Shutting down plugin 'INNODB_SYS_FOREIGN_COLS'
2018-03-04 03:54:40 39 [Note] Shutting down plugin 'INNODB_SYS_FOREIGN'
2018-03-04 03:54:40 39 [Note] Shutting down plugin 'INNODB_SYS_FIELDS'
2018-03-04 03:54:40 39 [Note] Shutting down plugin 'INNODB_SYS_COLUMNS'
2018-03-04 03:54:40 39 [Note] Shutting down plugin 'INNODB_SYS_INDEXES'
2018-03-04 03:54:40 39 [Note] Shutting down plugin 'INNODB_SYS_TABLESTATS'
2018-03-04 03:54:40 39 [Note] Shutting down plugin 'INNODB_SYS_TABLES'
2018-03-04 03:54:40 39 [Note] Shutting down plugin 'INNODB_FT_INDEX_TABLE'
2018-03-04 03:54:40 39 [Note] Shutting down plugin 'INNODB_FT_INDEX_CACHE'
2018-03-04 03:54:40 39 [Note] Shutting down plugin 'INNODB_FT_CONFIG'
2018-03-04 03:54:40 39 [Note] Shutting down plugin 'INNODB_FT_BEING_DELETED'
2018-03-04 03:54:40 39 [Note] Shutting down plugin 'INNODB_FT_DELETED'
2018-03-04 03:54:40 39 [Note] Shutting down plugin 'INNODB_FT_DEFAULT_STOPWORD'
2018-03-04 03:54:40 39 [Note] Shutting down plugin 'INNODB_METRICS'
2018-03-04 03:54:40 39 [Note] Shutting down plugin 'INNODB_BUFFER_POOL_STATS'
2018-03-04 03:54:40 39 [Note] Shutting down plugin 'INNODB_BUFFER_PAGE_LRU'
2018-03-04 03:54:40 39 [Note] Shutting down plugin 'INNODB_BUFFER_PAGE'
2018-03-04 03:54:40 39 [Note] Shutting down plugin 'INNODB_CMP_PER_INDEX_RESET'
2018-03-04 03:54:40 39 [Note] Shutting down plugin 'INNODB_CMP_PER_INDEX'
2018-03-04 03:54:40 39 [Note] Shutting down plugin 'INNODB_CMPMEM_RESET'
2018-03-04 03:54:40 39 [Note] Shutting down plugin 'INNODB_CMPMEM'
2018-03-04 03:54:40 39 [Note] Shutting down plugin 'INNODB_CMP_RESET'
2018-03-04 03:54:40 39 [Note] Shutting down plugin 'INNODB_CMP'
2018-03-04 03:54:40 39 [Note] Shutting down plugin 'INNODB_LOCK_WAITS'
2018-03-04 03:54:40 39 [Note] Shutting down plugin 'INNODB_LOCKS'
2018-03-04 03:54:40 39 [Note] Shutting down plugin 'INNODB_TRX'
2018-03-04 03:54:40 39 [Note] Shutting down plugin 'InnoDB'
2018-03-04 03:54:40 39 [Note] InnoDB: FTS optimize thread exiting.
2018-03-04 03:54:40 39 [Note] InnoDB: Starting shutdown...
2018-03-04 03:54:42 39 [Note] InnoDB: Shutdown completed; log sequence number 1885984
2018-03-04 03:54:42 39 [Note] Shutting down plugin 'BLACKHOLE'
2018-03-04 03:54:42 39 [Note] Shutting down plugin 'ARCHIVE'
2018-03-04 03:54:42 39 [Note] Shutting down plugin 'PERFORMANCE_SCHEMA'
2018-03-04 03:54:42 39 [Note] Shutting down plugin 'MEMORY'
2018-03-04 03:54:42 39 [Note] Shutting down plugin 'MyISAM'
2018-03-04 03:54:42 39 [Note] Shutting down plugin 'MRG_MYISAM'
2018-03-04 03:54:42 39 [Note] Shutting down plugin 'CSV'
2018-03-04 03:54:42 39 [Note] Shutting down plugin 'sha256_password'
2018-03-04 03:54:42 39 [Note] Shutting down plugin 'mysql_old_password'
2018-03-04 03:54:42 39 [Note] Shutting down plugin 'mysql_native_password'
2018-03-04 03:54:42 39 [Note] Shutting down plugin 'binlog'
2018-03-04 03:54:42 39 [Note] /usr/sbin/mysqld: Shutdown complete

2018-03-06 02:25:35 41 [Warning] Using unique option prefix myisam-recover instead of myisam-recover-options is deprecated and will be removed in a future release. Please use the full name instead.
2018-03-06 02:25:35 41 [Note] Plugin 'FEDERATED' is disabled.
2018-03-06 02:25:35 41 [Note] InnoDB: Using atomics to ref count buffer pool pages
2018-03-06 02:25:35 41 [Note] InnoDB: The InnoDB memory heap is disabled
2018-03-06 02:25:35 41 [Note] InnoDB: Mutexes and rw_locks use GCC atomic builtins
2018-03-06 02:25:35 41 [Note] InnoDB: Memory barrier is not used
2018-03-06 02:25:35 41 [Note] InnoDB: Compressed tables use zlib 1.2.3
2018-03-06 02:25:35 41 [Note] InnoDB: Using Linux native AIO
2018-03-06 02:25:35 41 [Note] InnoDB: Using CPU crc32 instructions
2018-03-06 02:25:35 41 [Note] InnoDB: Initializing buffer pool, size = 32.0M
2018-03-06 02:25:35 41 [Note] InnoDB: Completed initialization of buffer pool
2018-03-06 02:25:35 41 [Note] InnoDB: Highest supported file format is Barracuda.
2018-03-06 02:25:35 41 [Note] InnoDB: 128 rollback segment(s) are active.
2018-03-06 02:25:35 41 [Note] InnoDB: Waiting for purge to start
2018-03-06 02:25:35 41 [Note] InnoDB: 5.6.37 started; log sequence number 1885984
2018-03-06 02:25:35 41 [Note] Server hostname (bind-address): '*'; port: 3306
2018-03-06 02:25:35 41 [Note] IPv6 is available.
2018-03-06 02:25:35 41 [Note]   - '::' resolves to '::';
2018-03-06 02:25:35 41 [Note] Server socket created on IP: '::'.
2018-03-06 02:25:35 41 [Warning] 'user' entry 'root@e24d0b5cccc1' ignored in --skip-name-resolve mode.
2018-03-06 02:25:35 41 [Warning] 'user' entry '@e24d0b5cccc1' ignored in --skip-name-resolve mode.
2018-03-06 02:25:35 41 [Warning] 'proxies_priv' entry '@ root@e24d0b5cccc1' ignored in --skip-name-resolve mode.
2018-03-06 02:25:35 41 [Note] Event Scheduler: Loaded 0 events
2018-03-06 02:25:35 41 [Note] /usr/sbin/mysqld: ready for connections.
Version: '5.6.37'  socket: '/var/run/mysqld/mysqld.sock'  port: 3306  MySQL Community Server (GPL)
2018-03-06 02:36:51 41 [Note] /usr/sbin/mysqld: Normal shutdown

2018-03-06 02:36:51 41 [Note] Giving 0 client threads a chance to die gracefully
2018-03-06 02:36:51 41 [Note] Event Scheduler: Purging the queue. 0 events
2018-03-06 02:36:51 41 [Note] Shutting down slave threads
2018-03-06 02:36:51 41 [Note] Forcefully disconnecting 0 remaining clients
2018-03-06 02:36:51 41 [Note] Binlog end
2018-03-06 02:36:51 41 [Note] Shutting down plugin 'partition'
2018-03-06 02:36:51 41 [Note] Shutting down plugin 'INNODB_SYS_DATAFILES'
2018-03-06 02:36:51 41 [Note] Shutting down plugin 'INNODB_SYS_TABLESPACES'
2018-03-06 02:36:51 41 [Note] Shutting down plugin 'INNODB_SYS_FOREIGN_COLS'
2018-03-06 02:36:51 41 [Note] Shutting down plugin 'INNODB_SYS_FOREIGN'
2018-03-06 02:36:51 41 [Note] Shutting down plugin 'INNODB_SYS_FIELDS'
2018-03-06 02:36:51 41 [Note] Shutting down plugin 'INNODB_SYS_COLUMNS'
2018-03-06 02:36:51 41 [Note] Shutting down plugin 'INNODB_SYS_INDEXES'
2018-03-06 02:36:51 41 [Note] Shutting down plugin 'INNODB_SYS_TABLESTATS'
2018-03-06 02:36:51 41 [Note] Shutting down plugin 'INNODB_SYS_TABLES'
2018-03-06 02:36:51 41 [Note] Shutting down plugin 'INNODB_FT_INDEX_TABLE'
2018-03-06 02:36:51 41 [Note] Shutting down plugin 'INNODB_FT_INDEX_CACHE'
2018-03-06 02:36:51 41 [Note] Shutting down plugin 'INNODB_FT_CONFIG'
2018-03-06 02:36:51 41 [Note] Shutting down plugin 'INNODB_FT_BEING_DELETED'
2018-03-06 02:36:51 41 [Note] Shutting down plugin 'INNODB_FT_DELETED'
2018-03-06 02:36:51 41 [Note] Shutting down plugin 'INNODB_FT_DEFAULT_STOPWORD'
2018-03-06 02:36:51 41 [Note] Shutting down plugin 'INNODB_METRICS'
2018-03-06 02:36:51 41 [Note] Shutting down plugin 'INNODB_BUFFER_POOL_STATS'
2018-03-06 02:36:51 41 [Note] Shutting down plugin 'INNODB_BUFFER_PAGE_LRU'
2018-03-06 02:36:51 41 [Note] Shutting down plugin 'INNODB_BUFFER_PAGE'
2018-03-06 02:36:51 41 [Note] Shutting down plugin 'INNODB_CMP_PER_INDEX_RESET'
2018-03-06 02:36:51 41 [Note] Shutting down plugin 'INNODB_CMP_PER_INDEX'
2018-03-06 02:36:51 41 [Note] Shutting down plugin 'INNODB_CMPMEM_RESET'
2018-03-06 02:36:51 41 [Note] Shutting down plugin 'INNODB_CMPMEM'
2018-03-06 02:36:51 41 [Note] Shutting down plugin 'INNODB_CMP_RESET'
2018-03-06 02:36:51 41 [Note] Shutting down plugin 'INNODB_CMP'
2018-03-06 02:36:51 41 [Note] Shutting down plugin 'INNODB_LOCK_WAITS'
2018-03-06 02:36:51 41 [Note] Shutting down plugin 'INNODB_LOCKS'
2018-03-06 02:36:51 41 [Note] Shutting down plugin 'INNODB_TRX'
2018-03-06 02:36:51 41 [Note] Shutting down plugin 'InnoDB'
2018-03-06 02:36:51 41 [Note] InnoDB: FTS optimize thread exiting.
2018-03-06 02:36:51 41 [Note] InnoDB: Starting shutdown...
2018-03-06 02:36:53 41 [Note] InnoDB: Shutdown completed; log sequence number 3101226
2018-03-06 02:36:53 41 [Note] Shutting down plugin 'BLACKHOLE'
2018-03-06 02:36:53 41 [Note] Shutting down plugin 'ARCHIVE'
2018-03-06 02:36:53 41 [Note] Shutting down plugin 'PERFORMANCE_SCHEMA'
2018-03-06 02:36:53 41 [Note] Shutting down plugin 'MEMORY'
2018-03-06 02:36:53 41 [Note] Shutting down plugin 'MyISAM'
2018-03-06 02:36:53 41 [Note] Shutting down plugin 'MRG_MYISAM'
2018-03-06 02:36:53 41 [Note] Shutting down plugin 'CSV'
2018-03-06 02:36:53 41 [Note] Shutting down plugin 'sha256_password'
2018-03-06 02:36:53 41 [Note] Shutting down plugin 'mysql_old_password'
2018-03-06 02:36:53 41 [Note] Shutting down plugin 'mysql_native_password'
2018-03-06 02:36:53 41 [Note] Shutting down plugin 'binlog'
2018-03-06 02:36:53 41 [Note] /usr/sbin/mysqld: Shutdown complete

2018-03-17 13:12:17 38 [Warning] Using unique option prefix myisam-recover instead of myisam-recover-options is deprecated and will be removed in a future release. Please use the full name instead.
2018-03-17 13:12:17 38 [Note] Plugin 'FEDERATED' is disabled.
2018-03-17 13:12:17 38 [Note] InnoDB: Using atomics to ref count buffer pool pages
2018-03-17 13:12:17 38 [Note] InnoDB: The InnoDB memory heap is disabled
2018-03-17 13:12:17 38 [Note] InnoDB: Mutexes and rw_locks use GCC atomic builtins
2018-03-17 13:12:17 38 [Note] InnoDB: Memory barrier is not used
2018-03-17 13:12:17 38 [Note] InnoDB: Compressed tables use zlib 1.2.3
2018-03-17 13:12:17 38 [Note] InnoDB: Using Linux native AIO
2018-03-17 13:12:17 38 [Note] InnoDB: Using CPU crc32 instructions
2018-03-17 13:12:17 38 [Note] InnoDB: Initializing buffer pool, size = 32.0M
2018-03-17 13:12:17 38 [Note] InnoDB: Completed initialization of buffer pool
2018-03-17 13:12:17 38 [Note] InnoDB: Highest supported file format is Barracuda.
2018-03-17 13:12:17 38 [Note] InnoDB: 128 rollback segment(s) are active.
2018-03-17 13:12:17 38 [Note] InnoDB: Waiting for purge to start
2018-03-17 13:12:17 38 [Note] InnoDB: 5.6.37 started; log sequence number 3101226
2018-03-17 13:12:17 38 [Note] Server hostname (bind-address): '*'; port: 3306
2018-03-17 13:12:17 38 [Note] IPv6 is available.
2018-03-17 13:12:17 38 [Note]   - '::' resolves to '::';
2018-03-17 13:12:17 38 [Note] Server socket created on IP: '::'.
2018-03-17 13:12:17 38 [Warning] 'user' entry 'root@e24d0b5cccc1' ignored in --skip-name-resolve mode.
2018-03-17 13:12:17 38 [Warning] 'user' entry '@e24d0b5cccc1' ignored in --skip-name-resolve mode.
2018-03-17 13:12:17 38 [Warning] 'proxies_priv' entry '@ root@e24d0b5cccc1' ignored in --skip-name-resolve mode.
2018-03-17 13:12:17 38 [Note] Event Scheduler: Loaded 0 events
2018-03-17 13:12:17 38 [Note] /usr/sbin/mysqld: ready for connections.
Version: '5.6.37'  socket: '/var/run/mysqld/mysqld.sock'  port: 3306  MySQL Community Server (GPL)
2018-03-19 00:51:26 38 [Note] /usr/sbin/mysqld: Normal shutdown

2018-03-19 00:51:26 38 [Note] Giving 0 client threads a chance to die gracefully
2018-03-19 00:51:26 38 [Note] Event Scheduler: Purging the queue. 0 events
2018-03-19 00:51:26 38 [Note] Shutting down slave threads
2018-03-19 00:51:26 38 [Note] Forcefully disconnecting 0 remaining clients
2018-03-19 00:51:26 38 [Note] Binlog end
2018-03-19 00:51:26 38 [Note] Shutting down plugin 'partition'
2018-03-19 00:51:26 38 [Note] Shutting down plugin 'INNODB_SYS_DATAFILES'
2018-03-19 00:51:26 38 [Note] Shutting down plugin 'INNODB_SYS_TABLESPACES'
2018-03-19 00:51:26 38 [Note] Shutting down plugin 'INNODB_SYS_FOREIGN_COLS'
2018-03-19 00:51:26 38 [Note] Shutting down plugin 'INNODB_SYS_FOREIGN'
2018-03-19 00:51:26 38 [Note] Shutting down plugin 'INNODB_SYS_FIELDS'
2018-03-19 00:51:26 38 [Note] Shutting down plugin 'INNODB_SYS_COLUMNS'
2018-03-19 00:51:26 38 [Note] Shutting down plugin 'INNODB_SYS_INDEXES'
2018-03-19 00:51:26 38 [Note] Shutting down plugin 'INNODB_SYS_TABLESTATS'
2018-03-19 00:51:26 38 [Note] Shutting down plugin 'INNODB_SYS_TABLES'
2018-03-19 00:51:26 38 [Note] Shutting down plugin 'INNODB_FT_INDEX_TABLE'
2018-03-19 00:51:26 38 [Note] Shutting down plugin 'INNODB_FT_INDEX_CACHE'
2018-03-19 00:51:26 38 [Note] Shutting down plugin 'INNODB_FT_CONFIG'
2018-03-19 00:51:26 38 [Note] Shutting down plugin 'INNODB_FT_BEING_DELETED'
2018-03-19 00:51:26 38 [Note] Shutting down plugin 'INNODB_FT_DELETED'
2018-03-19 00:51:26 38 [Note] Shutting down plugin 'INNODB_FT_DEFAULT_STOPWORD'
2018-03-19 00:51:26 38 [Note] Shutting down plugin 'INNODB_METRICS'
2018-03-19 00:51:26 38 [Note] Shutting down plugin 'INNODB_BUFFER_POOL_STATS'
2018-03-19 00:51:26 38 [Note] Shutting down plugin 'INNODB_BUFFER_PAGE_LRU'
2018-03-19 00:51:26 38 [Note] Shutting down plugin 'INNODB_BUFFER_PAGE'
2018-03-19 00:51:26 38 [Note] Shutting down plugin 'INNODB_CMP_PER_INDEX_RESET'
2018-03-19 00:51:26 38 [Note] Shutting down plugin 'INNODB_CMP_PER_INDEX'
2018-03-19 00:51:26 38 [Note] Shutting down plugin 'INNODB_CMPMEM_RESET'
2018-03-19 00:51:26 38 [Note] Shutting down plugin 'INNODB_CMPMEM'
2018-03-19 00:51:26 38 [Note] Shutting down plugin 'INNODB_CMP_RESET'
2018-03-19 00:51:26 38 [Note] Shutting down plugin 'INNODB_CMP'
2018-03-19 00:51:26 38 [Note] Shutting down plugin 'INNODB_LOCK_WAITS'
2018-03-19 00:51:26 38 [Note] Shutting down plugin 'INNODB_LOCKS'
2018-03-19 00:51:26 38 [Note] Shutting down plugin 'INNODB_TRX'
2018-03-19 00:51:26 38 [Note] Shutting down plugin 'InnoDB'
2018-03-19 00:51:26 38 [Note] InnoDB: FTS optimize thread exiting.
2018-03-19 00:51:26 38 [Note] InnoDB: Starting shutdown...
2018-03-19 00:51:28 38 [Note] InnoDB: Shutdown completed; log sequence number 3160737
2018-03-19 00:51:28 38 [Note] Shutting down plugin 'BLACKHOLE'
2018-03-19 00:51:28 38 [Note] Shutting down plugin 'ARCHIVE'
2018-03-19 00:51:28 38 [Note] Shutting down plugin 'PERFORMANCE_SCHEMA'
2018-03-19 00:51:28 38 [Note] Shutting down plugin 'MEMORY'
2018-03-19 00:51:28 38 [Note] Shutting down plugin 'MyISAM'
2018-03-19 00:51:28 38 [Note] Shutting down plugin 'MRG_MYISAM'
2018-03-19 00:51:28 38 [Note] Shutting down plugin 'CSV'
2018-03-19 00:51:28 38 [Note] Shutting down plugin 'sha256_password'
2018-03-19 00:51:28 38 [Note] Shutting down plugin 'mysql_old_password'
2018-03-19 00:51:28 38 [Note] Shutting down plugin 'mysql_native_password'
2018-03-19 00:51:28 38 [Note] Shutting down plugin 'binlog'
2018-03-19 00:51:28 38 [Note] /usr/sbin/mysqld: Shutdown complete

2018-03-26 23:36:06 42 [Warning] Using unique option prefix myisam-recover instead of myisam-recover-options is deprecated and will be removed in a future release. Please use the full name instead.
2018-03-26 23:36:06 42 [Note] Plugin 'FEDERATED' is disabled.
2018-03-26 23:36:06 42 [Note] InnoDB: Using atomics to ref count buffer pool pages
2018-03-26 23:36:06 42 [Note] InnoDB: The InnoDB memory heap is disabled
2018-03-26 23:36:06 42 [Note] InnoDB: Mutexes and rw_locks use GCC atomic builtins
2018-03-26 23:36:06 42 [Note] InnoDB: Memory barrier is not used
2018-03-26 23:36:06 42 [Note] InnoDB: Compressed tables use zlib 1.2.3
2018-03-26 23:36:06 42 [Note] InnoDB: Using Linux native AIO
2018-03-26 23:36:06 42 [Note] InnoDB: Using CPU crc32 instructions
2018-03-26 23:36:06 42 [Note] InnoDB: Initializing buffer pool, size = 32.0M
2018-03-26 23:36:06 42 [Note] InnoDB: Completed initialization of buffer pool
2018-03-26 23:36:06 42 [Note] InnoDB: Highest supported file format is Barracuda.
2018-03-26 23:36:06 42 [Note] InnoDB: 128 rollback segment(s) are active.
2018-03-26 23:36:06 42 [Note] InnoDB: Waiting for purge to start
2018-03-26 23:36:06 42 [Note] InnoDB: 5.6.37 started; log sequence number 3160737
2018-03-26 23:36:06 42 [Note] Server hostname (bind-address): '*'; port: 3306
2018-03-26 23:36:06 42 [Note] IPv6 is available.
2018-03-26 23:36:06 42 [Note]   - '::' resolves to '::';
2018-03-26 23:36:06 42 [Note] Server socket created on IP: '::'.
2018-03-26 23:36:06 42 [Warning] 'user' entry 'root@e24d0b5cccc1' ignored in --skip-name-resolve mode.
2018-03-26 23:36:06 42 [Warning] 'user' entry '@e24d0b5cccc1' ignored in --skip-name-resolve mode.
2018-03-26 23:36:06 42 [Warning] 'proxies_priv' entry '@ root@e24d0b5cccc1' ignored in --skip-name-resolve mode.
2018-03-26 23:36:06 42 [Note] Event Scheduler: Loaded 0 events
2018-03-26 23:36:06 42 [Note] /usr/sbin/mysqld: ready for connections.
Version: '5.6.37'  socket: '/var/run/mysqld/mysqld.sock'  port: 3306  MySQL Community Server (GPL)
2018-03-27 02:42:13 42 [Note] /usr/sbin/mysqld: Normal shutdown

2018-03-27 02:42:13 42 [Note] Giving 0 client threads a chance to die gracefully
2018-03-27 02:42:13 42 [Note] Event Scheduler: Purging the queue. 0 events
2018-03-27 02:42:13 42 [Note] Shutting down slave threads
2018-03-27 02:42:13 42 [Note] Forcefully disconnecting 0 remaining clients
2018-03-27 02:42:13 42 [Note] Binlog end
2018-03-27 02:42:13 42 [Note] Shutting down plugin 'partition'
2018-03-27 02:42:13 42 [Note] Shutting down plugin 'INNODB_SYS_DATAFILES'
2018-03-27 02:42:13 42 [Note] Shutting down plugin 'INNODB_SYS_TABLESPACES'
2018-03-27 02:42:13 42 [Note] Shutting down plugin 'INNODB_SYS_FOREIGN_COLS'
2018-03-27 02:42:13 42 [Note] Shutting down plugin 'INNODB_SYS_FOREIGN'
2018-03-27 02:42:13 42 [Note] Shutting down plugin 'INNODB_SYS_FIELDS'
2018-03-27 02:42:13 42 [Note] Shutting down plugin 'INNODB_SYS_COLUMNS'
2018-03-27 02:42:13 42 [Note] Shutting down plugin 'INNODB_SYS_INDEXES'
2018-03-27 02:42:13 42 [Note] Shutting down plugin 'INNODB_SYS_TABLESTATS'
2018-03-27 02:42:13 42 [Note] Shutting down plugin 'INNODB_SYS_TABLES'
2018-03-27 02:42:13 42 [Note] Shutting down plugin 'INNODB_FT_INDEX_TABLE'
2018-03-27 02:42:13 42 [Note] Shutting down plugin 'INNODB_FT_INDEX_CACHE'
2018-03-27 02:42:13 42 [Note] Shutting down plugin 'INNODB_FT_CONFIG'
2018-03-27 02:42:13 42 [Note] Shutting down plugin 'INNODB_FT_BEING_DELETED'
2018-03-27 02:42:13 42 [Note] Shutting down plugin 'INNODB_FT_DELETED'
2018-03-27 02:42:13 42 [Note] Shutting down plugin 'INNODB_FT_DEFAULT_STOPWORD'
2018-03-27 02:42:13 42 [Note] Shutting down plugin 'INNODB_METRICS'
2018-03-27 02:42:13 42 [Note] Shutting down plugin 'INNODB_BUFFER_POOL_STATS'
2018-03-27 02:42:13 42 [Note] Shutting down plugin 'INNODB_BUFFER_PAGE_LRU'
2018-03-27 02:42:13 42 [Note] Shutting down plugin 'INNODB_BUFFER_PAGE'
2018-03-27 02:42:13 42 [Note] Shutting down plugin 'INNODB_CMP_PER_INDEX_RESET'
2018-03-27 02:42:13 42 [Note] Shutting down plugin 'INNODB_CMP_PER_INDEX'
2018-03-27 02:42:13 42 [Note] Shutting down plugin 'INNODB_CMPMEM_RESET'
2018-03-27 02:42:13 42 [Note] Shutting down plugin 'INNODB_CMPMEM'
2018-03-27 02:42:13 42 [Note] Shutting down plugin 'INNODB_CMP_RESET'
2018-03-27 02:42:13 42 [Note] Shutting down plugin 'INNODB_CMP'
2018-03-27 02:42:13 42 [Note] Shutting down plugin 'INNODB_LOCK_WAITS'
2018-03-27 02:42:13 42 [Note] Shutting down plugin 'INNODB_LOCKS'
2018-03-27 02:42:13 42 [Note] Shutting down plugin 'INNODB_TRX'
2018-03-27 02:42:13 42 [Note] Shutting down plugin 'InnoDB'
2018-03-27 02:42:13 42 [Note] InnoDB: FTS optimize thread exiting.
2018-03-27 02:42:13 42 [Note] InnoDB: Starting shutdown...
2018-03-27 02:42:14 42 [Note] InnoDB: Shutdown completed; log sequence number 4155467
2018-03-27 02:42:14 42 [Note] Shutting down plugin 'BLACKHOLE'
2018-03-27 02:42:14 42 [Note] Shutting down plugin 'ARCHIVE'
2018-03-27 02:42:14 42 [Note] Shutting down plugin 'PERFORMANCE_SCHEMA'
2018-03-27 02:42:14 42 [Note] Shutting down plugin 'MEMORY'
2018-03-27 02:42:14 42 [Note] Shutting down plugin 'MyISAM'
2018-03-27 02:42:14 42 [Note] Shutting down plugin 'MRG_MYISAM'
2018-03-27 02:42:14 42 [Note] Shutting down plugin 'CSV'
2018-03-27 02:42:14 42 [Note] Shutting down plugin 'sha256_password'
2018-03-27 02:42:14 42 [Note] Shutting down plugin 'mysql_old_password'
2018-03-27 02:42:14 42 [Note] Shutting down plugin 'mysql_native_password'
2018-03-27 02:42:14 42 [Note] Shutting down plugin 'binlog'
2018-03-27 02:42:14 42 [Note] /usr/sbin/mysqld: Shutdown complete

2018-04-05 02:20:55 40 [Warning] Using unique option prefix myisam-recover instead of myisam-recover-options is deprecated and will be removed in a future release. Please use the full name instead.
2018-04-05 02:20:55 40 [Note] Plugin 'FEDERATED' is disabled.
2018-04-05 02:20:55 40 [Note] InnoDB: Using atomics to ref count buffer pool pages
2018-04-05 02:20:55 40 [Note] InnoDB: The InnoDB memory heap is disabled
2018-04-05 02:20:55 40 [Note] InnoDB: Mutexes and rw_locks use GCC atomic builtins
2018-04-05 02:20:55 40 [Note] InnoDB: Memory barrier is not used
2018-04-05 02:20:55 40 [Note] InnoDB: Compressed tables use zlib 1.2.3
2018-04-05 02:20:55 40 [Note] InnoDB: Using Linux native AIO
2018-04-05 02:20:55 40 [Note] InnoDB: Using CPU crc32 instructions
2018-04-05 02:20:55 40 [Note] InnoDB: Initializing buffer pool, size = 32.0M
2018-04-05 02:20:55 40 [Note] InnoDB: Completed initialization of buffer pool
2018-04-05 02:20:55 40 [Note] InnoDB: Highest supported file format is Barracuda.
2018-04-05 02:20:55 40 [Note] InnoDB: 128 rollback segment(s) are active.
2018-04-05 02:20:55 40 [Note] InnoDB: Waiting for purge to start
2018-04-05 02:20:55 40 [Note] InnoDB: 5.6.37 started; log sequence number 4155467
2018-04-05 02:20:55 40 [Note] Server hostname (bind-address): '*'; port: 3306
2018-04-05 02:20:55 40 [Note] IPv6 is available.
2018-04-05 02:20:55 40 [Note]   - '::' resolves to '::';
2018-04-05 02:20:55 40 [Note] Server socket created on IP: '::'.
2018-04-05 02:20:55 40 [Warning] 'user' entry 'root@e24d0b5cccc1' ignored in --skip-name-resolve mode.
2018-04-05 02:20:55 40 [Warning] 'user' entry '@e24d0b5cccc1' ignored in --skip-name-resolve mode.
2018-04-05 02:20:55 40 [Warning] 'proxies_priv' entry '@ root@e24d0b5cccc1' ignored in --skip-name-resolve mode.
2018-04-05 02:20:55 40 [Note] Event Scheduler: Loaded 0 events
2018-04-05 02:20:55 40 [Note] /usr/sbin/mysqld: ready for connections.
Version: '5.6.37'  socket: '/var/run/mysqld/mysqld.sock'  port: 3306  MySQL Community Server (GPL)
2018-04-05 02:35:09 40 [Note] /usr/sbin/mysqld: Normal shutdown

2018-04-05 02:35:09 40 [Note] Giving 0 client threads a chance to die gracefully
2018-04-05 02:35:09 40 [Note] Event Scheduler: Purging the queue. 0 events
2018-04-05 02:35:09 40 [Note] Shutting down slave threads
2018-04-05 02:35:09 40 [Note] Forcefully disconnecting 0 remaining clients
2018-04-05 02:35:09 40 [Note] Binlog end
2018-04-05 02:35:09 40 [Note] Shutting down plugin 'partition'
2018-04-05 02:35:09 40 [Note] Shutting down plugin 'INNODB_SYS_DATAFILES'
2018-04-05 02:35:09 40 [Note] Shutting down plugin 'INNODB_SYS_TABLESPACES'
2018-04-05 02:35:09 40 [Note] Shutting down plugin 'INNODB_SYS_FOREIGN_COLS'
2018-04-05 02:35:09 40 [Note] Shutting down plugin 'INNODB_SYS_FOREIGN'
2018-04-05 02:35:09 40 [Note] Shutting down plugin 'INNODB_SYS_FIELDS'
2018-04-05 02:35:09 40 [Note] Shutting down plugin 'INNODB_SYS_COLUMNS'
2018-04-05 02:35:09 40 [Note] Shutting down plugin 'INNODB_SYS_INDEXES'
2018-04-05 02:35:09 40 [Note] Shutting down plugin 'INNODB_SYS_TABLESTATS'
2018-04-05 02:35:09 40 [Note] Shutting down plugin 'INNODB_SYS_TABLES'
2018-04-05 02:35:09 40 [Note] Shutting down plugin 'INNODB_FT_INDEX_TABLE'
2018-04-05 02:35:09 40 [Note] Shutting down plugin 'INNODB_FT_INDEX_CACHE'
2018-04-05 02:35:09 40 [Note] Shutting down plugin 'INNODB_FT_CONFIG'
2018-04-05 02:35:09 40 [Note] Shutting down plugin 'INNODB_FT_BEING_DELETED'
2018-04-05 02:35:09 40 [Note] Shutting down plugin 'INNODB_FT_DELETED'
2018-04-05 02:35:09 40 [Note] Shutting down plugin 'INNODB_FT_DEFAULT_STOPWORD'
2018-04-05 02:35:09 40 [Note] Shutting down plugin 'INNODB_METRICS'
2018-04-05 02:35:09 40 [Note] Shutting down plugin 'INNODB_BUFFER_POOL_STATS'
2018-04-05 02:35:09 40 [Note] Shutting down plugin 'INNODB_BUFFER_PAGE_LRU'
2018-04-05 02:35:09 40 [Note] Shutting down plugin 'INNODB_BUFFER_PAGE'
2018-04-05 02:35:09 40 [Note] Shutting down plugin 'INNODB_CMP_PER_INDEX_RESET'
2018-04-05 02:35:09 40 [Note] Shutting down plugin 'INNODB_CMP_PER_INDEX'
2018-04-05 02:35:09 40 [Note] Shutting down plugin 'INNODB_CMPMEM_RESET'
2018-04-05 02:35:09 40 [Note] Shutting down plugin 'INNODB_CMPMEM'
2018-04-05 02:35:09 40 [Note] Shutting down plugin 'INNODB_CMP_RESET'
2018-04-05 02:35:09 40 [Note] Shutting down plugin 'INNODB_CMP'
2018-04-05 02:35:09 40 [Note] Shutting down plugin 'INNODB_LOCK_WAITS'
2018-04-05 02:35:09 40 [Note] Shutting down plugin 'INNODB_LOCKS'
2018-04-05 02:35:09 40 [Note] Shutting down plugin 'INNODB_TRX'
2018-04-05 02:35:09 40 [Note] Shutting down plugin 'InnoDB'
2018-04-05 02:35:09 40 [Note] InnoDB: FTS optimize thread exiting.
2018-04-05 02:35:09 40 [Note] InnoDB: Starting shutdown...
2018-04-05 02:35:10 40 [Note] InnoDB: Shutdown completed; log sequence number 4254473
2018-04-05 02:35:10 40 [Note] Shutting down plugin 'BLACKHOLE'
2018-04-05 02:35:10 40 [Note] Shutting down plugin 'ARCHIVE'
2018-04-05 02:35:10 40 [Note] Shutting down plugin 'PERFORMANCE_SCHEMA'
2018-04-05 02:35:10 40 [Note] Shutting down plugin 'MEMORY'
2018-04-05 02:35:10 40 [Note] Shutting down plugin 'MyISAM'
2018-04-05 02:35:10 40 [Note] Shutting down plugin 'MRG_MYISAM'
2018-04-05 02:35:10 40 [Note] Shutting down plugin 'CSV'
2018-04-05 02:35:10 40 [Note] Shutting down plugin 'sha256_password'
2018-04-05 02:35:10 40 [Note] Shutting down plugin 'mysql_old_password'
2018-04-05 02:35:10 40 [Note] Shutting down plugin 'mysql_native_password'
2018-04-05 02:35:10 40 [Note] Shutting down plugin 'binlog'
2018-04-05 02:35:10 40 [Note] /usr/sbin/mysqld: Shutdown complete

2018-04-10 02:59:13 40 [Warning] Using unique option prefix myisam-recover instead of myisam-recover-options is deprecated and will be removed in a future release. Please use the full name instead.
2018-04-10 02:59:13 40 [Note] Plugin 'FEDERATED' is disabled.
2018-04-10 02:59:13 40 [Note] InnoDB: Using atomics to ref count buffer pool pages
2018-04-10 02:59:13 40 [Note] InnoDB: The InnoDB memory heap is disabled
2018-04-10 02:59:13 40 [Note] InnoDB: Mutexes and rw_locks use GCC atomic builtins
2018-04-10 02:59:13 40 [Note] InnoDB: Memory barrier is not used
2018-04-10 02:59:13 40 [Note] InnoDB: Compressed tables use zlib 1.2.3
2018-04-10 02:59:13 40 [Note] InnoDB: Using Linux native AIO
2018-04-10 02:59:13 40 [Note] InnoDB: Using CPU crc32 instructions
2018-04-10 02:59:13 40 [Note] InnoDB: Initializing buffer pool, size = 32.0M
2018-04-10 02:59:13 40 [Note] InnoDB: Completed initialization of buffer pool
2018-04-10 02:59:13 40 [Note] InnoDB: Highest supported file format is Barracuda.
2018-04-10 02:59:13 40 [Note] InnoDB: 128 rollback segment(s) are active.
2018-04-10 02:59:13 40 [Note] InnoDB: Waiting for purge to start
2018-04-10 02:59:13 40 [Note] InnoDB: 5.6.37 started; log sequence number 4254473
2018-04-10 02:59:13 40 [Note] Server hostname (bind-address): '*'; port: 3306
2018-04-10 02:59:13 40 [Note] IPv6 is available.
2018-04-10 02:59:13 40 [Note]   - '::' resolves to '::';
2018-04-10 02:59:13 40 [Note] Server socket created on IP: '::'.
2018-04-10 02:59:13 40 [Warning] 'user' entry 'root@e24d0b5cccc1' ignored in --skip-name-resolve mode.
2018-04-10 02:59:13 40 [Warning] 'user' entry '@e24d0b5cccc1' ignored in --skip-name-resolve mode.
2018-04-10 02:59:13 40 [Warning] 'proxies_priv' entry '@ root@e24d0b5cccc1' ignored in --skip-name-resolve mode.
2018-04-10 02:59:13 40 [Note] Event Scheduler: Loaded 0 events
2018-04-10 02:59:13 40 [Note] /usr/sbin/mysqld: ready for connections.
Version: '5.6.37'  socket: '/var/run/mysqld/mysqld.sock'  port: 3306  MySQL Community Server (GPL)
2018-04-10 03:21:53 40 [Note] /usr/sbin/mysqld: Normal shutdown

2018-04-10 03:21:53 40 [Note] Giving 0 client threads a chance to die gracefully
2018-04-10 03:21:53 40 [Note] Event Scheduler: Purging the queue. 0 events
2018-04-10 03:21:53 40 [Note] Shutting down slave threads
2018-04-10 03:21:53 40 [Note] Forcefully disconnecting 0 remaining clients
2018-04-10 03:21:53 40 [Note] Binlog end
2018-04-10 03:21:53 40 [Note] Shutting down plugin 'partition'
2018-04-10 03:21:53 40 [Note] Shutting down plugin 'INNODB_SYS_DATAFILES'
2018-04-10 03:21:53 40 [Note] Shutting down plugin 'INNODB_SYS_TABLESPACES'
2018-04-10 03:21:53 40 [Note] Shutting down plugin 'INNODB_SYS_FOREIGN_COLS'
2018-04-10 03:21:53 40 [Note] Shutting down plugin 'INNODB_SYS_FOREIGN'
2018-04-10 03:21:53 40 [Note] Shutting down plugin 'INNODB_SYS_FIELDS'
2018-04-10 03:21:53 40 [Note] Shutting down plugin 'INNODB_SYS_COLUMNS'
2018-04-10 03:21:53 40 [Note] Shutting down plugin 'INNODB_SYS_INDEXES'
2018-04-10 03:21:53 40 [Note] Shutting down plugin 'INNODB_SYS_TABLESTATS'
2018-04-10 03:21:53 40 [Note] Shutting down plugin 'INNODB_SYS_TABLES'
2018-04-10 03:21:53 40 [Note] Shutting down plugin 'INNODB_FT_INDEX_TABLE'
2018-04-10 03:21:53 40 [Note] Shutting down plugin 'INNODB_FT_INDEX_CACHE'
2018-04-10 03:21:53 40 [Note] Shutting down plugin 'INNODB_FT_CONFIG'
2018-04-10 03:21:53 40 [Note] Shutting down plugin 'INNODB_FT_BEING_DELETED'
2018-04-10 03:21:53 40 [Note] Shutting down plugin 'INNODB_FT_DELETED'
2018-04-10 03:21:53 40 [Note] Shutting down plugin 'INNODB_FT_DEFAULT_STOPWORD'
2018-04-10 03:21:53 40 [Note] Shutting down plugin 'INNODB_METRICS'
2018-04-10 03:21:53 40 [Note] Shutting down plugin 'INNODB_BUFFER_POOL_STATS'
2018-04-10 03:21:53 40 [Note] Shutting down plugin 'INNODB_BUFFER_PAGE_LRU'
2018-04-10 03:21:53 40 [Note] Shutting down plugin 'INNODB_BUFFER_PAGE'
2018-04-10 03:21:53 40 [Note] Shutting down plugin 'INNODB_CMP_PER_INDEX_RESET'
2018-04-10 03:21:53 40 [Note] Shutting down plugin 'INNODB_CMP_PER_INDEX'
2018-04-10 03:21:53 40 [Note] Shutting down plugin 'INNODB_CMPMEM_RESET'
2018-04-10 03:21:53 40 [Note] Shutting down plugin 'INNODB_CMPMEM'
2018-04-10 03:21:53 40 [Note] Shutting down plugin 'INNODB_CMP_RESET'
2018-04-10 03:21:53 40 [Note] Shutting down plugin 'INNODB_CMP'
2018-04-10 03:21:53 40 [Note] Shutting down plugin 'INNODB_LOCK_WAITS'
2018-04-10 03:21:53 40 [Note] Shutting down plugin 'INNODB_LOCKS'
2018-04-10 03:21:53 40 [Note] Shutting down plugin 'INNODB_TRX'
2018-04-10 03:21:53 40 [Note] Shutting down plugin 'InnoDB'
2018-04-10 03:21:53 40 [Note] InnoDB: FTS optimize thread exiting.
2018-04-10 03:21:53 40 [Note] InnoDB: Starting shutdown...
2018-04-10 03:21:54 40 [Note] InnoDB: Shutdown completed; log sequence number 5946638
2018-04-10 03:21:54 40 [Note] Shutting down plugin 'BLACKHOLE'
2018-04-10 03:21:54 40 [Note] Shutting down plugin 'ARCHIVE'
2018-04-10 03:21:54 40 [Note] Shutting down plugin 'PERFORMANCE_SCHEMA'
2018-04-10 03:21:54 40 [Note] Shutting down plugin 'MEMORY'
2018-04-10 03:21:54 40 [Note] Shutting down plugin 'MyISAM'
2018-04-10 03:21:54 40 [Note] Shutting down plugin 'MRG_MYISAM'
2018-04-10 03:21:54 40 [Note] Shutting down plugin 'CSV'
2018-04-10 03:21:54 40 [Note] Shutting down plugin 'sha256_password'
2018-04-10 03:21:54 40 [Note] Shutting down plugin 'mysql_old_password'
2018-04-10 03:21:54 40 [Note] Shutting down plugin 'mysql_native_password'
2018-04-10 03:21:54 40 [Note] Shutting down plugin 'binlog'
2018-04-10 03:21:54 40 [Note] /usr/sbin/mysqld: Shutdown complete

2018-04-10 21:23:10 40 [Warning] Using unique option prefix myisam-recover instead of myisam-recover-options is deprecated and will be removed in a future release. Please use the full name instead.
2018-04-10 21:23:10 40 [Note] Plugin 'FEDERATED' is disabled.
2018-04-10 21:23:10 40 [Note] InnoDB: Using atomics to ref count buffer pool pages
2018-04-10 21:23:10 40 [Note] InnoDB: The InnoDB memory heap is disabled
2018-04-10 21:23:10 40 [Note] InnoDB: Mutexes and rw_locks use GCC atomic builtins
2018-04-10 21:23:10 40 [Note] InnoDB: Memory barrier is not used
2018-04-10 21:23:10 40 [Note] InnoDB: Compressed tables use zlib 1.2.3
2018-04-10 21:23:10 40 [Note] InnoDB: Using Linux native AIO
2018-04-10 21:23:10 40 [Note] InnoDB: Using CPU crc32 instructions
2018-04-10 21:23:10 40 [Note] InnoDB: Initializing buffer pool, size = 32.0M
2018-04-10 21:23:10 40 [Note] InnoDB: Completed initialization of buffer pool
2018-04-10 21:23:10 40 [Note] InnoDB: Highest supported file format is Barracuda.
2018-04-10 21:23:11 40 [Note] InnoDB: 128 rollback segment(s) are active.
2018-04-10 21:23:11 40 [Note] InnoDB: Waiting for purge to start
2018-04-10 21:23:11 40 [Note] InnoDB: 5.6.37 started; log sequence number 5946638
2018-04-10 21:23:11 40 [Note] Server hostname (bind-address): '*'; port: 3306
2018-04-10 21:23:11 40 [Note] IPv6 is available.
2018-04-10 21:23:11 40 [Note]   - '::' resolves to '::';
2018-04-10 21:23:11 40 [Note] Server socket created on IP: '::'.
2018-04-10 21:23:11 40 [Warning] 'user' entry 'root@e24d0b5cccc1' ignored in --skip-name-resolve mode.
2018-04-10 21:23:11 40 [Warning] 'user' entry '@e24d0b5cccc1' ignored in --skip-name-resolve mode.
2018-04-10 21:23:11 40 [Warning] 'proxies_priv' entry '@ root@e24d0b5cccc1' ignored in --skip-name-resolve mode.
2018-04-10 21:23:11 40 [Note] Event Scheduler: Loaded 0 events
2018-04-10 21:23:11 40 [Note] /usr/sbin/mysqld: ready for connections.
Version: '5.6.37'  socket: '/var/run/mysqld/mysqld.sock'  port: 3306  MySQL Community Server (GPL)
2018-04-10 21:25:30 40 [Note] /usr/sbin/mysqld: Normal shutdown

2018-04-10 21:25:30 40 [Note] Giving 0 client threads a chance to die gracefully
2018-04-10 21:25:30 40 [Note] Event Scheduler: Purging the queue. 0 events
2018-04-10 21:25:30 40 [Note] Shutting down slave threads
2018-04-10 21:25:30 40 [Note] Forcefully disconnecting 0 remaining clients
2018-04-10 21:25:30 40 [Note] Binlog end
2018-04-10 21:25:30 40 [Note] Shutting down plugin 'partition'
2018-04-10 21:25:30 40 [Note] Shutting down plugin 'INNODB_SYS_DATAFILES'
2018-04-10 21:25:30 40 [Note] Shutting down plugin 'INNODB_SYS_TABLESPACES'
2018-04-10 21:25:30 40 [Note] Shutting down plugin 'INNODB_SYS_FOREIGN_COLS'
2018-04-10 21:25:30 40 [Note] Shutting down plugin 'INNODB_SYS_FOREIGN'
2018-04-10 21:25:30 40 [Note] Shutting down plugin 'INNODB_SYS_FIELDS'
2018-04-10 21:25:30 40 [Note] Shutting down plugin 'INNODB_SYS_COLUMNS'
2018-04-10 21:25:30 40 [Note] Shutting down plugin 'INNODB_SYS_INDEXES'
2018-04-10 21:25:30 40 [Note] Shutting down plugin 'INNODB_SYS_TABLESTATS'
2018-04-10 21:25:30 40 [Note] Shutting down plugin 'INNODB_SYS_TABLES'
2018-04-10 21:25:30 40 [Note] Shutting down plugin 'INNODB_FT_INDEX_TABLE'
2018-04-10 21:25:30 40 [Note] Shutting down plugin 'INNODB_FT_INDEX_CACHE'
2018-04-10 21:25:30 40 [Note] Shutting down plugin 'INNODB_FT_CONFIG'
2018-04-10 21:25:30 40 [Note] Shutting down plugin 'INNODB_FT_BEING_DELETED'
2018-04-10 21:25:30 40 [Note] Shutting down plugin 'INNODB_FT_DELETED'
2018-04-10 21:25:30 40 [Note] Shutting down plugin 'INNODB_FT_DEFAULT_STOPWORD'
2018-04-10 21:25:30 40 [Note] Shutting down plugin 'INNODB_METRICS'
2018-04-10 21:25:30 40 [Note] Shutting down plugin 'INNODB_BUFFER_POOL_STATS'
2018-04-10 21:25:30 40 [Note] Shutting down plugin 'INNODB_BUFFER_PAGE_LRU'
2018-04-10 21:25:30 40 [Note] Shutting down plugin 'INNODB_BUFFER_PAGE'
2018-04-10 21:25:30 40 [Note] Shutting down plugin 'INNODB_CMP_PER_INDEX_RESET'
2018-04-10 21:25:30 40 [Note] Shutting down plugin 'INNODB_CMP_PER_INDEX'
2018-04-10 21:25:30 40 [Note] Shutting down plugin 'INNODB_CMPMEM_RESET'
2018-04-10 21:25:30 40 [Note] Shutting down plugin 'INNODB_CMPMEM'
2018-04-10 21:25:30 40 [Note] Shutting down plugin 'INNODB_CMP_RESET'
2018-04-10 21:25:30 40 [Note] Shutting down plugin 'INNODB_CMP'
2018-04-10 21:25:30 40 [Note] Shutting down plugin 'INNODB_LOCK_WAITS'
2018-04-10 21:25:30 40 [Note] Shutting down plugin 'INNODB_LOCKS'
2018-04-10 21:25:30 40 [Note] Shutting down plugin 'INNODB_TRX'
2018-04-10 21:25:30 40 [Note] Shutting down plugin 'InnoDB'
2018-04-10 21:25:30 40 [Note] InnoDB: FTS optimize thread exiting.
2018-04-10 21:25:30 40 [Note] InnoDB: Starting shutdown...
2018-04-10 21:25:32 40 [Note] InnoDB: Shutdown completed; log sequence number 6429357
2018-04-10 21:25:32 40 [Note] Shutting down plugin 'BLACKHOLE'
2018-04-10 21:25:32 40 [Note] Shutting down plugin 'ARCHIVE'
2018-04-10 21:25:32 40 [Note] Shutting down plugin 'PERFORMANCE_SCHEMA'
2018-04-10 21:25:32 40 [Note] Shutting down plugin 'MEMORY'
2018-04-10 21:25:32 40 [Note] Shutting down plugin 'MyISAM'
2018-04-10 21:25:32 40 [Note] Shutting down plugin 'MRG_MYISAM'
2018-04-10 21:25:32 40 [Note] Shutting down plugin 'CSV'
2018-04-10 21:25:32 40 [Note] Shutting down plugin 'sha256_password'
2018-04-10 21:25:32 40 [Note] Shutting down plugin 'mysql_old_password'
2018-04-10 21:25:32 40 [Note] Shutting down plugin 'mysql_native_password'
2018-04-10 21:25:32 40 [Note] Shutting down plugin 'binlog'
2018-04-10 21:25:32 40 [Note] /usr/sbin/mysqld: Shutdown complete

2018-04-10 23:06:08 41 [Warning] Using unique option prefix myisam-recover instead of myisam-recover-options is deprecated and will be removed in a future release. Please use the full name instead.
2018-04-10 23:06:08 41 [Note] Plugin 'FEDERATED' is disabled.
2018-04-10 23:06:08 41 [Note] InnoDB: Using atomics to ref count buffer pool pages
2018-04-10 23:06:08 41 [Note] InnoDB: The InnoDB memory heap is disabled
2018-04-10 23:06:08 41 [Note] InnoDB: Mutexes and rw_locks use GCC atomic builtins
2018-04-10 23:06:08 41 [Note] InnoDB: Memory barrier is not used
2018-04-10 23:06:08 41 [Note] InnoDB: Compressed tables use zlib 1.2.3
2018-04-10 23:06:08 41 [Note] InnoDB: Using Linux native AIO
2018-04-10 23:06:08 41 [Note] InnoDB: Using CPU crc32 instructions
2018-04-10 23:06:08 41 [Note] InnoDB: Initializing buffer pool, size = 32.0M
2018-04-10 23:06:08 41 [Note] InnoDB: Completed initialization of buffer pool
2018-04-10 23:06:08 41 [Note] InnoDB: Highest supported file format is Barracuda.
2018-04-10 23:06:08 41 [Note] InnoDB: 128 rollback segment(s) are active.
2018-04-10 23:06:08 41 [Note] InnoDB: Waiting for purge to start
2018-04-10 23:06:08 41 [Note] InnoDB: 5.6.37 started; log sequence number 6429357
2018-04-10 23:06:08 41 [Note] Server hostname (bind-address): '*'; port: 3306
2018-04-10 23:06:08 41 [Note] IPv6 is available.
2018-04-10 23:06:08 41 [Note]   - '::' resolves to '::';
2018-04-10 23:06:08 41 [Note] Server socket created on IP: '::'.
2018-04-10 23:06:08 41 [Warning] 'user' entry 'root@e24d0b5cccc1' ignored in --skip-name-resolve mode.
2018-04-10 23:06:08 41 [Warning] 'user' entry '@e24d0b5cccc1' ignored in --skip-name-resolve mode.
2018-04-10 23:06:08 41 [Warning] 'proxies_priv' entry '@ root@e24d0b5cccc1' ignored in --skip-name-resolve mode.
2018-04-10 23:06:08 41 [Note] Event Scheduler: Loaded 0 events
2018-04-10 23:06:08 41 [Note] /usr/sbin/mysqld: ready for connections.
Version: '5.6.37'  socket: '/var/run/mysqld/mysqld.sock'  port: 3306  MySQL Community Server (GPL)
2018-04-11 01:46:48 41 [Note] /usr/sbin/mysqld: Normal shutdown

2018-04-11 01:46:48 41 [Note] Giving 0 client threads a chance to die gracefully
2018-04-11 01:46:48 41 [Note] Event Scheduler: Purging the queue. 0 events
2018-04-11 01:46:48 41 [Note] Shutting down slave threads
2018-04-11 01:46:48 41 [Note] Forcefully disconnecting 0 remaining clients
2018-04-11 01:46:48 41 [Note] Binlog end
2018-04-11 01:46:48 41 [Note] Shutting down plugin 'partition'
2018-04-11 01:46:48 41 [Note] Shutting down plugin 'INNODB_SYS_DATAFILES'
2018-04-11 01:46:48 41 [Note] Shutting down plugin 'INNODB_SYS_TABLESPACES'
2018-04-11 01:46:48 41 [Note] Shutting down plugin 'INNODB_SYS_FOREIGN_COLS'
2018-04-11 01:46:48 41 [Note] Shutting down plugin 'INNODB_SYS_FOREIGN'
2018-04-11 01:46:48 41 [Note] Shutting down plugin 'INNODB_SYS_FIELDS'
2018-04-11 01:46:48 41 [Note] Shutting down plugin 'INNODB_SYS_COLUMNS'
2018-04-11 01:46:48 41 [Note] Shutting down plugin 'INNODB_SYS_INDEXES'
2018-04-11 01:46:48 41 [Note] Shutting down plugin 'INNODB_SYS_TABLESTATS'
2018-04-11 01:46:48 41 [Note] Shutting down plugin 'INNODB_SYS_TABLES'
2018-04-11 01:46:48 41 [Note] Shutting down plugin 'INNODB_FT_INDEX_TABLE'
2018-04-11 01:46:48 41 [Note] Shutting down plugin 'INNODB_FT_INDEX_CACHE'
2018-04-11 01:46:48 41 [Note] Shutting down plugin 'INNODB_FT_CONFIG'
2018-04-11 01:46:48 41 [Note] Shutting down plugin 'INNODB_FT_BEING_DELETED'
2018-04-11 01:46:48 41 [Note] Shutting down plugin 'INNODB_FT_DELETED'
2018-04-11 01:46:48 41 [Note] Shutting down plugin 'INNODB_FT_DEFAULT_STOPWORD'
2018-04-11 01:46:48 41 [Note] Shutting down plugin 'INNODB_METRICS'
2018-04-11 01:46:48 41 [Note] Shutting down plugin 'INNODB_BUFFER_POOL_STATS'
2018-04-11 01:46:48 41 [Note] Shutting down plugin 'INNODB_BUFFER_PAGE_LRU'
2018-04-11 01:46:48 41 [Note] Shutting down plugin 'INNODB_BUFFER_PAGE'
2018-04-11 01:46:48 41 [Note] Shutting down plugin 'INNODB_CMP_PER_INDEX_RESET'
2018-04-11 01:46:48 41 [Note] Shutting down plugin 'INNODB_CMP_PER_INDEX'
2018-04-11 01:46:48 41 [Note] Shutting down plugin 'INNODB_CMPMEM_RESET'
2018-04-11 01:46:48 41 [Note] Shutting down plugin 'INNODB_CMPMEM'
2018-04-11 01:46:48 41 [Note] Shutting down plugin 'INNODB_CMP_RESET'
2018-04-11 01:46:48 41 [Note] Shutting down plugin 'INNODB_CMP'
2018-04-11 01:46:48 41 [Note] Shutting down plugin 'INNODB_LOCK_WAITS'
2018-04-11 01:46:48 41 [Note] Shutting down plugin 'INNODB_LOCKS'
2018-04-11 01:46:48 41 [Note] Shutting down plugin 'INNODB_TRX'
2018-04-11 01:46:48 41 [Note] Shutting down plugin 'InnoDB'
2018-04-11 01:46:48 41 [Note] InnoDB: FTS optimize thread exiting.
2018-04-11 01:46:48 41 [Note] InnoDB: Starting shutdown...
2018-04-11 01:46:50 41 [Note] InnoDB: Shutdown completed; log sequence number 23957565
2018-04-11 01:46:50 41 [Note] Shutting down plugin 'BLACKHOLE'
2018-04-11 01:46:50 41 [Note] Shutting down plugin 'ARCHIVE'
2018-04-11 01:46:50 41 [Note] Shutting down plugin 'PERFORMANCE_SCHEMA'
2018-04-11 01:46:50 41 [Note] Shutting down plugin 'MEMORY'
2018-04-11 01:46:50 41 [Note] Shutting down plugin 'MyISAM'
2018-04-11 01:46:50 41 [Note] Shutting down plugin 'MRG_MYISAM'
2018-04-11 01:46:50 41 [Note] Shutting down plugin 'CSV'
2018-04-11 01:46:50 41 [Note] Shutting down plugin 'sha256_password'
2018-04-11 01:46:50 41 [Note] Shutting down plugin 'mysql_old_password'
2018-04-11 01:46:50 41 [Note] Shutting down plugin 'mysql_native_password'
2018-04-11 01:46:50 41 [Note] Shutting down plugin 'binlog'
2018-04-11 01:46:50 41 [Note] /usr/sbin/mysqld: Shutdown complete

2018-04-13 00:18:39 40 [Warning] Using unique option prefix myisam-recover instead of myisam-recover-options is deprecated and will be removed in a future release. Please use the full name instead.
2018-04-13 00:18:39 40 [Note] Plugin 'FEDERATED' is disabled.
2018-04-13 00:18:39 40 [Note] InnoDB: Using atomics to ref count buffer pool pages
2018-04-13 00:18:39 40 [Note] InnoDB: The InnoDB memory heap is disabled
2018-04-13 00:18:39 40 [Note] InnoDB: Mutexes and rw_locks use GCC atomic builtins
2018-04-13 00:18:39 40 [Note] InnoDB: Memory barrier is not used
2018-04-13 00:18:39 40 [Note] InnoDB: Compressed tables use zlib 1.2.3
2018-04-13 00:18:39 40 [Note] InnoDB: Using Linux native AIO
2018-04-13 00:18:39 40 [Note] InnoDB: Using CPU crc32 instructions
2018-04-13 00:18:39 40 [Note] InnoDB: Initializing buffer pool, size = 32.0M
2018-04-13 00:18:39 40 [Note] InnoDB: Completed initialization of buffer pool
2018-04-13 00:18:39 40 [Note] InnoDB: Highest supported file format is Barracuda.
2018-04-13 00:18:39 40 [Note] InnoDB: 128 rollback segment(s) are active.
2018-04-13 00:18:39 40 [Note] InnoDB: Waiting for purge to start
2018-04-13 00:18:39 40 [Note] InnoDB: 5.6.37 started; log sequence number 23957565
2018-04-13 00:18:39 40 [Note] Server hostname (bind-address): '*'; port: 3306
2018-04-13 00:18:39 40 [Note] IPv6 is available.
2018-04-13 00:18:39 40 [Note]   - '::' resolves to '::';
2018-04-13 00:18:39 40 [Note] Server socket created on IP: '::'.
2018-04-13 00:18:39 40 [Warning] 'user' entry 'root@e24d0b5cccc1' ignored in --skip-name-resolve mode.
2018-04-13 00:18:39 40 [Warning] 'user' entry '@e24d0b5cccc1' ignored in --skip-name-resolve mode.
2018-04-13 00:18:39 40 [Warning] 'proxies_priv' entry '@ root@e24d0b5cccc1' ignored in --skip-name-resolve mode.
2018-04-13 00:18:39 40 [Note] Event Scheduler: Loaded 0 events
2018-04-13 00:18:39 40 [Note] /usr/sbin/mysqld: ready for connections.
Version: '5.6.37'  socket: '/var/run/mysqld/mysqld.sock'  port: 3306  MySQL Community Server (GPL)
2018-04-13 03:33:33 40 [Note] /usr/sbin/mysqld: Normal shutdown

2018-04-13 03:33:33 40 [Note] Giving 0 client threads a chance to die gracefully
2018-04-13 03:33:33 40 [Note] Event Scheduler: Purging the queue. 0 events
2018-04-13 03:33:33 40 [Note] Shutting down slave threads
2018-04-13 03:33:33 40 [Note] Forcefully disconnecting 0 remaining clients
2018-04-13 03:33:33 40 [Note] Binlog end
2018-04-13 03:33:33 40 [Note] Shutting down plugin 'partition'
2018-04-13 03:33:33 40 [Note] Shutting down plugin 'INNODB_SYS_DATAFILES'
2018-04-13 03:33:33 40 [Note] Shutting down plugin 'INNODB_SYS_TABLESPACES'
2018-04-13 03:33:33 40 [Note] Shutting down plugin 'INNODB_SYS_FOREIGN_COLS'
2018-04-13 03:33:33 40 [Note] Shutting down plugin 'INNODB_SYS_FOREIGN'
2018-04-13 03:33:33 40 [Note] Shutting down plugin 'INNODB_SYS_FIELDS'
2018-04-13 03:33:33 40 [Note] Shutting down plugin 'INNODB_SYS_COLUMNS'
2018-04-13 03:33:33 40 [Note] Shutting down plugin 'INNODB_SYS_INDEXES'
2018-04-13 03:33:33 40 [Note] Shutting down plugin 'INNODB_SYS_TABLESTATS'
2018-04-13 03:33:33 40 [Note] Shutting down plugin 'INNODB_SYS_TABLES'
2018-04-13 03:33:33 40 [Note] Shutting down plugin 'INNODB_FT_INDEX_TABLE'
2018-04-13 03:33:33 40 [Note] Shutting down plugin 'INNODB_FT_INDEX_CACHE'
2018-04-13 03:33:33 40 [Note] Shutting down plugin 'INNODB_FT_CONFIG'
2018-04-13 03:33:33 40 [Note] Shutting down plugin 'INNODB_FT_BEING_DELETED'
2018-04-13 03:33:33 40 [Note] Shutting down plugin 'INNODB_FT_DELETED'
2018-04-13 03:33:33 40 [Note] Shutting down plugin 'INNODB_FT_DEFAULT_STOPWORD'
2018-04-13 03:33:33 40 [Note] Shutting down plugin 'INNODB_METRICS'
2018-04-13 03:33:33 40 [Note] Shutting down plugin 'INNODB_BUFFER_POOL_STATS'
2018-04-13 03:33:33 40 [Note] Shutting down plugin 'INNODB_BUFFER_PAGE_LRU'
2018-04-13 03:33:33 40 [Note] Shutting down plugin 'INNODB_BUFFER_PAGE'
2018-04-13 03:33:33 40 [Note] Shutting down plugin 'INNODB_CMP_PER_INDEX_RESET'
2018-04-13 03:33:33 40 [Note] Shutting down plugin 'INNODB_CMP_PER_INDEX'
2018-04-13 03:33:33 40 [Note] Shutting down plugin 'INNODB_CMPMEM_RESET'
2018-04-13 03:33:33 40 [Note] Shutting down plugin 'INNODB_CMPMEM'
2018-04-13 03:33:33 40 [Note] Shutting down plugin 'INNODB_CMP_RESET'
2018-04-13 03:33:33 40 [Note] Shutting down plugin 'INNODB_CMP'
2018-04-13 03:33:33 40 [Note] Shutting down plugin 'INNODB_LOCK_WAITS'
2018-04-13 03:33:33 40 [Note] Shutting down plugin 'INNODB_LOCKS'
2018-04-13 03:33:33 40 [Note] Shutting down plugin 'INNODB_TRX'
2018-04-13 03:33:33 40 [Note] Shutting down plugin 'InnoDB'
2018-04-13 03:33:33 40 [Note] InnoDB: FTS optimize thread exiting.
2018-04-13 03:33:33 40 [Note] InnoDB: Starting shutdown...
2018-04-13 03:33:35 40 [Note] InnoDB: Shutdown completed; log sequence number 25308765
2018-04-13 03:33:35 40 [Note] Shutting down plugin 'BLACKHOLE'
2018-04-13 03:33:35 40 [Note] Shutting down plugin 'ARCHIVE'
2018-04-13 03:33:35 40 [Note] Shutting down plugin 'PERFORMANCE_SCHEMA'
2018-04-13 03:33:35 40 [Note] Shutting down plugin 'MEMORY'
2018-04-13 03:33:35 40 [Note] Shutting down plugin 'MyISAM'
2018-04-13 03:33:35 40 [Note] Shutting down plugin 'MRG_MYISAM'
2018-04-13 03:33:35 40 [Note] Shutting down plugin 'CSV'
2018-04-13 03:33:35 40 [Note] Shutting down plugin 'sha256_password'
2018-04-13 03:33:35 40 [Note] Shutting down plugin 'mysql_old_password'
2018-04-13 03:33:35 40 [Note] Shutting down plugin 'mysql_native_password'
2018-04-13 03:33:35 40 [Note] Shutting down plugin 'binlog'
2018-04-13 03:33:35 40 [Note] /usr/sbin/mysqld: Shutdown complete

2018-04-13 14:21:53 67 [Warning] Using unique option prefix myisam-recover instead of myisam-recover-options is deprecated and will be removed in a future release. Please use the full name instead.
2018-04-13 14:21:53 67 [Note] Plugin 'FEDERATED' is disabled.
2018-04-13 14:21:53 67 [Note] InnoDB: Using atomics to ref count buffer pool pages
2018-04-13 14:21:53 67 [Note] InnoDB: The InnoDB memory heap is disabled
2018-04-13 14:21:53 67 [Note] InnoDB: Mutexes and rw_locks use GCC atomic builtins
2018-04-13 14:21:53 67 [Note] InnoDB: Memory barrier is not used
2018-04-13 14:21:53 67 [Note] InnoDB: Compressed tables use zlib 1.2.3
2018-04-13 14:21:53 67 [Note] InnoDB: Using Linux native AIO
2018-04-13 14:21:53 67 [Note] InnoDB: Using CPU crc32 instructions
2018-04-13 14:21:53 67 [Note] InnoDB: Initializing buffer pool, size = 32.0M
2018-04-13 14:21:53 67 [Note] InnoDB: Completed initialization of buffer pool
2018-04-13 14:21:53 67 [Note] InnoDB: Highest supported file format is Barracuda.
2018-04-13 14:21:53 67 [Note] InnoDB: 128 rollback segment(s) are active.
2018-04-13 14:21:53 67 [Note] InnoDB: Waiting for purge to start
2018-04-13 14:21:53 67 [Note] InnoDB: 5.6.37 started; log sequence number 25308765
2018-04-13 14:21:53 67 [Note] Server hostname (bind-address): '*'; port: 3306
2018-04-13 14:21:53 67 [Note] IPv6 is available.
2018-04-13 14:21:53 67 [Note]   - '::' resolves to '::';
2018-04-13 14:21:53 67 [Note] Server socket created on IP: '::'.
2018-04-13 14:21:53 67 [Warning] 'user' entry 'root@e24d0b5cccc1' ignored in --skip-name-resolve mode.
2018-04-13 14:21:53 67 [Warning] 'user' entry '@e24d0b5cccc1' ignored in --skip-name-resolve mode.
2018-04-13 14:21:53 67 [Warning] 'proxies_priv' entry '@ root@e24d0b5cccc1' ignored in --skip-name-resolve mode.
2018-04-13 14:21:53 67 [Note] Event Scheduler: Loaded 0 events
2018-04-13 14:21:53 67 [Note] /usr/sbin/mysqld: ready for connections.
Version: '5.6.37'  socket: '/var/run/mysqld/mysqld.sock'  port: 3306  MySQL Community Server (GPL)
2018-04-14 02:10:57 21 [Warning] Using unique option prefix myisam-recover instead of myisam-recover-options is deprecated and will be removed in a future release. Please use the full name instead.
2018-04-14 02:10:57 21 [Note] Plugin 'FEDERATED' is disabled.
2018-04-14 02:10:57 21 [Note] InnoDB: Using atomics to ref count buffer pool pages
2018-04-14 02:10:57 21 [Note] InnoDB: The InnoDB memory heap is disabled
2018-04-14 02:10:57 21 [Note] InnoDB: Mutexes and rw_locks use GCC atomic builtins
2018-04-14 02:10:57 21 [Note] InnoDB: Memory barrier is not used
2018-04-14 02:10:57 21 [Note] InnoDB: Compressed tables use zlib 1.2.3
2018-04-14 02:10:57 21 [Note] InnoDB: Using Linux native AIO
2018-04-14 02:10:57 21 [Note] InnoDB: Using CPU crc32 instructions
2018-04-14 02:10:57 21 [Note] InnoDB: Initializing buffer pool, size = 32.0M
2018-04-14 02:10:57 21 [Note] InnoDB: Completed initialization of buffer pool
2018-04-14 02:10:57 21 [Note] InnoDB: Highest supported file format is Barracuda.
2018-04-14 02:10:57 21 [Note] InnoDB: The log sequence numbers 25308765 and 25308765 in ibdata files do not match the log sequence number 25950096 in the ib_logfiles!
2018-04-14 02:10:57 21 [Note] InnoDB: Database was not shutdown normally!
2018-04-14 02:10:57 21 [Note] InnoDB: Starting crash recovery.
2018-04-14 02:10:57 21 [Note] InnoDB: Reading tablespace information from the .ibd files...
2018-04-14 02:10:57 21 [Note] InnoDB: Restoring possible half-written data pages 
2018-04-14 02:10:57 21 [Note] InnoDB: from the doublewrite buffer...
2018-04-14 02:10:57 21 [Note] InnoDB: 128 rollback segment(s) are active.
2018-04-14 02:10:57 21 [Note] InnoDB: Waiting for purge to start
2018-04-14 02:10:57 21 [Note] InnoDB: 5.6.37 started; log sequence number 25950096
2018-04-14 02:10:57 21 [Note] Server hostname (bind-address): '*'; port: 3306
2018-04-14 02:10:57 21 [Note] IPv6 is available.
2018-04-14 02:10:57 21 [Note]   - '::' resolves to '::';
2018-04-14 02:10:57 21 [Note] Server socket created on IP: '::'.
2018-04-14 02:10:57 21 [Warning] 'user' entry 'root@e24d0b5cccc1' ignored in --skip-name-resolve mode.
2018-04-14 02:10:57 21 [Warning] 'user' entry '@e24d0b5cccc1' ignored in --skip-name-resolve mode.
2018-04-14 02:10:57 21 [Warning] 'proxies_priv' entry '@ root@e24d0b5cccc1' ignored in --skip-name-resolve mode.
2018-04-14 02:10:57 21 [Note] Event Scheduler: Loaded 0 events
2018-04-14 02:10:57 21 [Note] /usr/sbin/mysqld: ready for connections.
Version: '5.6.37'  socket: '/var/run/mysqld/mysqld.sock'  port: 3306  MySQL Community Server (GPL)
